State 185 conflicts: 1 shift/reduce


Grammar

    0 $accept: Programa $end

    1 Programa: Cabecera_programa Bloque

    2 $@1: %empty

    3 Bloque: OPEN_BLOCK $@1 VAR Variables_locales ENDVAR Declar_de_subprogs Sentencias END_BLOCK

    4 $@2: %empty

    5 Bloque: OPEN_BLOCK $@2 Declar_de_subprogs Sentencias END_BLOCK

    6 Declar_de_subprogs: Declar_subprog Declar_de_subprogs
    7                   | %empty

    8 $@3: %empty

    9 Declar_subprog: Cabecera_subprog $@3 Bloque

   10 Cabecera_programa: Tipo MAIN LEFT_PAR Lista_parametros RIGHT_PAR
   11                  | MAIN LEFT_PAR Lista_parametros RIGHT_PAR

   12 Variables_locales: Variables_locales Cuerpo_declar_variables
   13                  | %empty

   14 Cuerpo_declar_variables: Tipo Lista_identificador SEMICOLON
   15                        | error

   16 Lista_identificador: Lista_identificador COMMA ID
   17                    | ID

   18 $@4: %empty

   19 Cabecera_subprog: Tipo ID $@4 LEFT_PAR Lista_parametros RIGHT_PAR
   20                 | error

   21 Lista_parametros: Lista_parametros COMMA Parametros
   22                 | Parametros
   23                 | %empty
   24                 | error

   25 Parametros: Tipo ID

   26 Sentencias: Sentencias Sentencia
   27           | %empty

   28 Sentencia: Bloque
   29          | Sentencia_asignacion
   30          | Sentencia_entrada
   31          | Sentencia_salida
   32          | Sentencia_return
   33          | Sentencia_switch
   34          | ID INCR SEMICOLON
   35          | ID DECR SEMICOLON
   36          | INCR ID SEMICOLON
   37          | DECR ID SEMICOLON
   38          | LIST_HEAD ID SEMICOLON
   39          | ID AHEADBACK SEMICOLON
   40          | Sentencia_break
   41          | Sentencia_if
   42          | Sentencia_while

   43 @5: %empty

   44 Sentencia_asignacion: ID @5 ASSIGN Expresion SEMICOLON

   45 Sentencia_if: IF LEFT_PAR Expresion RIGHT_PAR Sentencia
   46             | IF LEFT_PAR Expresion RIGHT_PAR Sentencia ELSE Sentencia

   47 Sentencia_while: WHILE LEFT_PAR Expresion RIGHT_PAR Sentencia

   48 Sentencia_entrada: READ Lista_expresiones_o_cadena SEMICOLON

   49 Sentencia_salida: WRITE Lista_expresiones_o_cadena SEMICOLON

   50 Sentencia_return: RETURN Expresion SEMICOLON

   51 Sentencia_switch: SWITCH Bloque_switch

   52 Sentencia_break: BREAK SEMICOLON

   53 Bloque_switch: OPEN_BLOCK Sentencias_case END_BLOCK

   54 Sentencias_case: CASE Expresion COLON Bloque Sentencias_case
   55                | DEFAULT COLON Bloque Sentencias_case
   56                | %empty

   57 Lista_expresiones_o_cadena: Lista_expresiones_o_cadena COMMA Expresion
   58                           | Lista_expresiones_o_cadena COMMA STRING
   59                           | Expresion
   60                           | STRING

   61 Expresion: LEFT_PAR Expresion RIGHT_PAR
   62          | UNARY_OP Expresion
   63          | Expresion LOGIC_OR Expresion
   64          | Expresion LOGIC_AND Expresion
   65          | Expresion XOR Expresion
   66          | Expresion BIT_OR Expresion
   67          | Expresion BIT_AND Expresion
   68          | ADD_SUB Expresion
   69          | MULT Expresion
   70          | Expresion ADD_SUB Expresion
   71          | Expresion MULT Expresion
   72          | Expresion MULT_OPS Expresion
   73          | Expresion BIN_TER Expresion
   74          | Expresion EQ_NEQ Expresion
   75          | Expresion VALUE_COMP Expresion
   76          | Expresion DECR Expresion
   77          | Expresion INCR Expresion TERNARY Expresion
   78          | ID
   79          | Funcion
   80          | Constantes
   81          | Constante_lista
   82          | error

   83 Constantes: INT_VAR
   84           | BOOL_VAR
   85           | CHAR_VAR
   86           | FLOAT_VAR

   87 Constante_lista: LEFT_BRACK Lista_int RIGHT_BRACK SEMICOLON
   88                | LEFT_BRACK Lista_bool RIGHT_BRACK SEMICOLON
   89                | LEFT_BRACK Lista_float RIGHT_BRACK SEMICOLON
   90                | LEFT_BRACK Lista_char RIGHT_BRACK SEMICOLON
   91                | LEFT_BRACK RIGHT_BRACK SEMICOLON

   92 Lista_int: Lista_int COMMA INT_VAR
   93          | INT_VAR

   94 Lista_bool: Lista_bool COMMA BOOL_VAR
   95           | BOOL_VAR

   96 Lista_float: Lista_float COMMA FLOAT_VAR
   97            | FLOAT_VAR

   98 Lista_char: Lista_char COMMA CHAR_VAR
   99           | CHAR_VAR
  100           | ID LEFT_PAR RIGHT_PAR

  101 Funcion: ID LEFT_PAR Lista_expresiones RIGHT_PAR

  102 Lista_expresiones: Lista_expresiones COMMA Expresion
  103                  | Expresion

  104 Tipo: ELEM_TYPE
  105     | LIST ELEM_TYPE


Terminals, with rules where they appear

$end (0) 0
error (256) 15 20 24 82
MAIN (258) 10 11
OPEN_BLOCK (259) 3 5 53
END_BLOCK (260) 3 5 53
SEMICOLON (261) 14 34 35 36 37 38 39 44 48 49 50 52 87 88 89 90 91
COMMA (262) 16 21 57 58 92 94 96 98 102
LEFT_PAR (263) 10 11 19 45 46 47 61 100 101
RIGHT_PAR (264) 10 11 19 45 46 47 61 100 101
ASSIGN (265) 44
IF (266) 45 46
ELSE (267) 46
WHILE (268) 47
VAR (269) 3
ENDVAR (270) 3
SWITCH (271) 51
CASE (272) 54
BREAK (273) 52
RETURN (274) 50
ELEM_TYPE (275) 104 105
READ (276) 48
WRITE (277) 49
INCR (278) 34 36 77
DECR (279) 35 37 76
AHEADBACK (280) 39
UNARY_OP (281) 62
TERNARY (282) 77
BIN_TER (283) 73
BOOL_VAR (284) 84 94 95
INT_VAR (285) 83 92 93
FLOAT_VAR (286) 86 96 97
CHAR_VAR (287) 85 98 99
LIST (288) 105
STRING (289) 58 60
ID (290) 16 17 19 25 34 35 36 37 38 39 44 78 100 101
LEFT_BRACK (291) 87 88 89 90 91
RIGHT_BRACK (292) 87 88 89 90 91
COLON (293) 54 55
DEFAULT (294) 55
LOGIC_OR (295) 63
LOGIC_AND (296) 64
BIT_OR (297) 66
XOR (298) 65
BIT_AND (299) 67
EQ_NEQ (300) 74
VALUE_COMP (301) 75
ADD_SUB (302) 68 70
MULT (303) 69 71
MULT_OPS (304) 72
LIST_HEAD (305) 38
L_DECR (306)
L_INCR (307)


Nonterminals, with rules where they appear

$accept (53)
    on left: 0
Programa (54)
    on left: 1, on right: 0
Bloque (55)
    on left: 3 5, on right: 1 9 28 54 55
$@1 (56)
    on left: 2, on right: 3
$@2 (57)
    on left: 4, on right: 5
Declar_de_subprogs (58)
    on left: 6 7, on right: 3 5 6
Declar_subprog (59)
    on left: 9, on right: 6
$@3 (60)
    on left: 8, on right: 9
Cabecera_programa (61)
    on left: 10 11, on right: 1
Variables_locales (62)
    on left: 12 13, on right: 3 12
Cuerpo_declar_variables (63)
    on left: 14 15, on right: 12
Lista_identificador (64)
    on left: 16 17, on right: 14 16
Cabecera_subprog (65)
    on left: 19 20, on right: 9
$@4 (66)
    on left: 18, on right: 19
Lista_parametros (67)
    on left: 21 22 23 24, on right: 10 11 19 21
Parametros (68)
    on left: 25, on right: 21 22
Sentencias (69)
    on left: 26 27, on right: 3 5 26
Sentencia (70)
    on left: 28 29 30 31 32 33 34 35 36 37 38 39 40 41 42, on right:
    26 45 46 47
Sentencia_asignacion (71)
    on left: 44, on right: 29
@5 (72)
    on left: 43, on right: 44
Sentencia_if (73)
    on left: 45 46, on right: 41
Sentencia_while (74)
    on left: 47, on right: 42
Sentencia_entrada (75)
    on left: 48, on right: 30
Sentencia_salida (76)
    on left: 49, on right: 31
Sentencia_return (77)
    on left: 50, on right: 32
Sentencia_switch (78)
    on left: 51, on right: 33
Sentencia_break (79)
    on left: 52, on right: 40
Bloque_switch (80)
    on left: 53, on right: 51
Sentencias_case (81)
    on left: 54 55 56, on right: 53 54 55
Lista_expresiones_o_cadena (82)
    on left: 57 58 59 60, on right: 48 49 57 58
Expresion (83)
    on left: 61 62 63 64 65 66 67 68 69 70 71 72 73 74 75 76 77 78
    79 80 81 82, on right: 44 45 46 47 50 54 57 59 61 62 63 64 65 66
    67 68 69 70 71 72 73 74 75 76 77 102 103
Constantes (84)
    on left: 83 84 85 86, on right: 80
Constante_lista (85)
    on left: 87 88 89 90 91, on right: 81
Lista_int (86)
    on left: 92 93, on right: 87 92
Lista_bool (87)
    on left: 94 95, on right: 88 94
Lista_float (88)
    on left: 96 97, on right: 89 96
Lista_char (89)
    on left: 98 99 100, on right: 90 98
Funcion (90)
    on left: 101, on right: 79
Lista_expresiones (91)
    on left: 102 103, on right: 101 102
Tipo (92)
    on left: 104 105, on right: 10 14 19 25


State 0

    0 $accept: . Programa $end

    MAIN       shift, and go to state 1
    ELEM_TYPE  shift, and go to state 2
    LIST       shift, and go to state 3

    Programa           go to state 4
    Cabecera_programa  go to state 5
    Tipo               go to state 6


State 1

   11 Cabecera_programa: MAIN . LEFT_PAR Lista_parametros RIGHT_PAR

    LEFT_PAR  shift, and go to state 7


State 2

  104 Tipo: ELEM_TYPE .

    $default  reduce using rule 104 (Tipo)


State 3

  105 Tipo: LIST . ELEM_TYPE

    ELEM_TYPE  shift, and go to state 8


State 4

    0 $accept: Programa . $end

    $end  shift, and go to state 9


State 5

    1 Programa: Cabecera_programa . Bloque

    OPEN_BLOCK  shift, and go to state 10

    Bloque  go to state 11


State 6

   10 Cabecera_programa: Tipo . MAIN LEFT_PAR Lista_parametros RIGHT_PAR

    MAIN  shift, and go to state 12


State 7

   11 Cabecera_programa: MAIN LEFT_PAR . Lista_parametros RIGHT_PAR

    error      shift, and go to state 13
    ELEM_TYPE  shift, and go to state 2
    LIST       shift, and go to state 3

    COMMA      reduce using rule 23 (Lista_parametros)
    RIGHT_PAR  reduce using rule 23 (Lista_parametros)

    Lista_parametros  go to state 14
    Parametros        go to state 15
    Tipo              go to state 16


State 8

  105 Tipo: LIST ELEM_TYPE .

    $default  reduce using rule 105 (Tipo)


State 9

    0 $accept: Programa $end .

    $default  accept


State 10

    3 Bloque: OPEN_BLOCK . $@1 VAR Variables_locales ENDVAR Declar_de_subprogs Sentencias END_BLOCK
    5       | OPEN_BLOCK . $@2 Declar_de_subprogs Sentencias END_BLOCK

    VAR       reduce using rule 2 ($@1)
    $default  reduce using rule 4 ($@2)

    $@1  go to state 17
    $@2  go to state 18


State 11

    1 Programa: Cabecera_programa Bloque .

    $default  reduce using rule 1 (Programa)


State 12

   10 Cabecera_programa: Tipo MAIN . LEFT_PAR Lista_parametros RIGHT_PAR

    LEFT_PAR  shift, and go to state 19


State 13

   24 Lista_parametros: error .

    $default  reduce using rule 24 (Lista_parametros)


State 14

   11 Cabecera_programa: MAIN LEFT_PAR Lista_parametros . RIGHT_PAR
   21 Lista_parametros: Lista_parametros . COMMA Parametros

    COMMA      shift, and go to state 20
    RIGHT_PAR  shift, and go to state 21


State 15

   22 Lista_parametros: Parametros .

    $default  reduce using rule 22 (Lista_parametros)


State 16

   25 Parametros: Tipo . ID

    ID  shift, and go to state 22


State 17

    3 Bloque: OPEN_BLOCK $@1 . VAR Variables_locales ENDVAR Declar_de_subprogs Sentencias END_BLOCK

    VAR  shift, and go to state 23


State 18

    5 Bloque: OPEN_BLOCK $@2 . Declar_de_subprogs Sentencias END_BLOCK

    error      shift, and go to state 24
    ELEM_TYPE  shift, and go to state 2
    LIST       shift, and go to state 3

    OPEN_BLOCK  reduce using rule 7 (Declar_de_subprogs)
    END_BLOCK   reduce using rule 7 (Declar_de_subprogs)
    IF          reduce using rule 7 (Declar_de_subprogs)
    WHILE       reduce using rule 7 (Declar_de_subprogs)
    SWITCH      reduce using rule 7 (Declar_de_subprogs)
    BREAK       reduce using rule 7 (Declar_de_subprogs)
    RETURN      reduce using rule 7 (Declar_de_subprogs)
    READ        reduce using rule 7 (Declar_de_subprogs)
    WRITE       reduce using rule 7 (Declar_de_subprogs)
    INCR        reduce using rule 7 (Declar_de_subprogs)
    DECR        reduce using rule 7 (Declar_de_subprogs)
    ID          reduce using rule 7 (Declar_de_subprogs)
    LIST_HEAD   reduce using rule 7 (Declar_de_subprogs)

    Declar_de_subprogs  go to state 25
    Declar_subprog      go to state 26
    Cabecera_subprog    go to state 27
    Tipo                go to state 28


State 19

   10 Cabecera_programa: Tipo MAIN LEFT_PAR . Lista_parametros RIGHT_PAR

    error      shift, and go to state 13
    ELEM_TYPE  shift, and go to state 2
    LIST       shift, and go to state 3

    COMMA      reduce using rule 23 (Lista_parametros)
    RIGHT_PAR  reduce using rule 23 (Lista_parametros)

    Lista_parametros  go to state 29
    Parametros        go to state 15
    Tipo              go to state 16


State 20

   21 Lista_parametros: Lista_parametros COMMA . Parametros

    ELEM_TYPE  shift, and go to state 2
    LIST       shift, and go to state 3

    Parametros  go to state 30
    Tipo        go to state 16


State 21

   11 Cabecera_programa: MAIN LEFT_PAR Lista_parametros RIGHT_PAR .

    $default  reduce using rule 11 (Cabecera_programa)


State 22

   25 Parametros: Tipo ID .

    $default  reduce using rule 25 (Parametros)


State 23

    3 Bloque: OPEN_BLOCK $@1 VAR . Variables_locales ENDVAR Declar_de_subprogs Sentencias END_BLOCK

    $default  reduce using rule 13 (Variables_locales)

    Variables_locales  go to state 31


State 24

   20 Cabecera_subprog: error .

    $default  reduce using rule 20 (Cabecera_subprog)


State 25

    5 Bloque: OPEN_BLOCK $@2 Declar_de_subprogs . Sentencias END_BLOCK

    $default  reduce using rule 27 (Sentencias)

    Sentencias  go to state 32


State 26

    6 Declar_de_subprogs: Declar_subprog . Declar_de_subprogs

    error      shift, and go to state 24
    ELEM_TYPE  shift, and go to state 2
    LIST       shift, and go to state 3

    OPEN_BLOCK  reduce using rule 7 (Declar_de_subprogs)
    END_BLOCK   reduce using rule 7 (Declar_de_subprogs)
    IF          reduce using rule 7 (Declar_de_subprogs)
    WHILE       reduce using rule 7 (Declar_de_subprogs)
    SWITCH      reduce using rule 7 (Declar_de_subprogs)
    BREAK       reduce using rule 7 (Declar_de_subprogs)
    RETURN      reduce using rule 7 (Declar_de_subprogs)
    READ        reduce using rule 7 (Declar_de_subprogs)
    WRITE       reduce using rule 7 (Declar_de_subprogs)
    INCR        reduce using rule 7 (Declar_de_subprogs)
    DECR        reduce using rule 7 (Declar_de_subprogs)
    ID          reduce using rule 7 (Declar_de_subprogs)
    LIST_HEAD   reduce using rule 7 (Declar_de_subprogs)

    Declar_de_subprogs  go to state 33
    Declar_subprog      go to state 26
    Cabecera_subprog    go to state 27
    Tipo                go to state 28


State 27

    9 Declar_subprog: Cabecera_subprog . $@3 Bloque

    $default  reduce using rule 8 ($@3)

    $@3  go to state 34


State 28

   19 Cabecera_subprog: Tipo . ID $@4 LEFT_PAR Lista_parametros RIGHT_PAR

    ID  shift, and go to state 35


State 29

   10 Cabecera_programa: Tipo MAIN LEFT_PAR Lista_parametros . RIGHT_PAR
   21 Lista_parametros: Lista_parametros . COMMA Parametros

    COMMA      shift, and go to state 20
    RIGHT_PAR  shift, and go to state 36


State 30

   21 Lista_parametros: Lista_parametros COMMA Parametros .

    $default  reduce using rule 21 (Lista_parametros)


State 31

    3 Bloque: OPEN_BLOCK $@1 VAR Variables_locales . ENDVAR Declar_de_subprogs Sentencias END_BLOCK
   12 Variables_locales: Variables_locales . Cuerpo_declar_variables

    error      shift, and go to state 37
    ENDVAR     shift, and go to state 38
    ELEM_TYPE  shift, and go to state 2
    LIST       shift, and go to state 3

    Cuerpo_declar_variables  go to state 39
    Tipo                     go to state 40


State 32

    5 Bloque: OPEN_BLOCK $@2 Declar_de_subprogs Sentencias . END_BLOCK
   26 Sentencias: Sentencias . Sentencia

    OPEN_BLOCK  shift, and go to state 10
    END_BLOCK   shift, and go to state 41
    IF          shift, and go to state 42
    WHILE       shift, and go to state 43
    SWITCH      shift, and go to state 44
    BREAK       shift, and go to state 45
    RETURN      shift, and go to state 46
    READ        shift, and go to state 47
    WRITE       shift, and go to state 48
    INCR        shift, and go to state 49
    DECR        shift, and go to state 50
    ID          shift, and go to state 51
    LIST_HEAD   shift, and go to state 52

    Bloque                go to state 53
    Sentencia             go to state 54
    Sentencia_asignacion  go to state 55
    Sentencia_if          go to state 56
    Sentencia_while       go to state 57
    Sentencia_entrada     go to state 58
    Sentencia_salida      go to state 59
    Sentencia_return      go to state 60
    Sentencia_switch      go to state 61
    Sentencia_break       go to state 62


State 33

    6 Declar_de_subprogs: Declar_subprog Declar_de_subprogs .

    $default  reduce using rule 6 (Declar_de_subprogs)


State 34

    9 Declar_subprog: Cabecera_subprog $@3 . Bloque

    OPEN_BLOCK  shift, and go to state 10

    Bloque  go to state 63


State 35

   19 Cabecera_subprog: Tipo ID . $@4 LEFT_PAR Lista_parametros RIGHT_PAR

    $default  reduce using rule 18 ($@4)

    $@4  go to state 64


State 36

   10 Cabecera_programa: Tipo MAIN LEFT_PAR Lista_parametros RIGHT_PAR .

    $default  reduce using rule 10 (Cabecera_programa)


State 37

   15 Cuerpo_declar_variables: error .

    $default  reduce using rule 15 (Cuerpo_declar_variables)


State 38

    3 Bloque: OPEN_BLOCK $@1 VAR Variables_locales ENDVAR . Declar_de_subprogs Sentencias END_BLOCK

    error      shift, and go to state 24
    ELEM_TYPE  shift, and go to state 2
    LIST       shift, and go to state 3

    OPEN_BLOCK  reduce using rule 7 (Declar_de_subprogs)
    END_BLOCK   reduce using rule 7 (Declar_de_subprogs)
    IF          reduce using rule 7 (Declar_de_subprogs)
    WHILE       reduce using rule 7 (Declar_de_subprogs)
    SWITCH      reduce using rule 7 (Declar_de_subprogs)
    BREAK       reduce using rule 7 (Declar_de_subprogs)
    RETURN      reduce using rule 7 (Declar_de_subprogs)
    READ        reduce using rule 7 (Declar_de_subprogs)
    WRITE       reduce using rule 7 (Declar_de_subprogs)
    INCR        reduce using rule 7 (Declar_de_subprogs)
    DECR        reduce using rule 7 (Declar_de_subprogs)
    ID          reduce using rule 7 (Declar_de_subprogs)
    LIST_HEAD   reduce using rule 7 (Declar_de_subprogs)

    Declar_de_subprogs  go to state 65
    Declar_subprog      go to state 26
    Cabecera_subprog    go to state 27
    Tipo                go to state 28


State 39

   12 Variables_locales: Variables_locales Cuerpo_declar_variables .

    $default  reduce using rule 12 (Variables_locales)


State 40

   14 Cuerpo_declar_variables: Tipo . Lista_identificador SEMICOLON

    ID  shift, and go to state 66

    Lista_identificador  go to state 67


State 41

    5 Bloque: OPEN_BLOCK $@2 Declar_de_subprogs Sentencias END_BLOCK .

    $default  reduce using rule 5 (Bloque)


State 42

   45 Sentencia_if: IF . LEFT_PAR Expresion RIGHT_PAR Sentencia
   46             | IF . LEFT_PAR Expresion RIGHT_PAR Sentencia ELSE Sentencia

    LEFT_PAR  shift, and go to state 68


State 43

   47 Sentencia_while: WHILE . LEFT_PAR Expresion RIGHT_PAR Sentencia

    LEFT_PAR  shift, and go to state 69


State 44

   51 Sentencia_switch: SWITCH . Bloque_switch

    OPEN_BLOCK  shift, and go to state 70

    Bloque_switch  go to state 71


State 45

   52 Sentencia_break: BREAK . SEMICOLON

    SEMICOLON  shift, and go to state 72


State 46

   50 Sentencia_return: RETURN . Expresion SEMICOLON

    error       shift, and go to state 73
    LEFT_PAR    shift, and go to state 74
    UNARY_OP    shift, and go to state 75
    BOOL_VAR    shift, and go to state 76
    INT_VAR     shift, and go to state 77
    FLOAT_VAR   shift, and go to state 78
    CHAR_VAR    shift, and go to state 79
    ID          shift, and go to state 80
    LEFT_BRACK  shift, and go to state 81
    ADD_SUB     shift, and go to state 82
    MULT        shift, and go to state 83

    Expresion        go to state 84
    Constantes       go to state 85
    Constante_lista  go to state 86
    Funcion          go to state 87


State 47

   48 Sentencia_entrada: READ . Lista_expresiones_o_cadena SEMICOLON

    error       shift, and go to state 73
    LEFT_PAR    shift, and go to state 74
    UNARY_OP    shift, and go to state 75
    BOOL_VAR    shift, and go to state 76
    INT_VAR     shift, and go to state 77
    FLOAT_VAR   shift, and go to state 78
    CHAR_VAR    shift, and go to state 79
    STRING      shift, and go to state 88
    ID          shift, and go to state 80
    LEFT_BRACK  shift, and go to state 81
    ADD_SUB     shift, and go to state 82
    MULT        shift, and go to state 83

    Lista_expresiones_o_cadena  go to state 89
    Expresion                   go to state 90
    Constantes                  go to state 85
    Constante_lista             go to state 86
    Funcion                     go to state 87


State 48

   49 Sentencia_salida: WRITE . Lista_expresiones_o_cadena SEMICOLON

    error       shift, and go to state 73
    LEFT_PAR    shift, and go to state 74
    UNARY_OP    shift, and go to state 75
    BOOL_VAR    shift, and go to state 76
    INT_VAR     shift, and go to state 77
    FLOAT_VAR   shift, and go to state 78
    CHAR_VAR    shift, and go to state 79
    STRING      shift, and go to state 88
    ID          shift, and go to state 80
    LEFT_BRACK  shift, and go to state 81
    ADD_SUB     shift, and go to state 82
    MULT        shift, and go to state 83

    Lista_expresiones_o_cadena  go to state 91
    Expresion                   go to state 90
    Constantes                  go to state 85
    Constante_lista             go to state 86
    Funcion                     go to state 87


State 49

   36 Sentencia: INCR . ID SEMICOLON

    ID  shift, and go to state 92


State 50

   37 Sentencia: DECR . ID SEMICOLON

    ID  shift, and go to state 93


State 51

   34 Sentencia: ID . INCR SEMICOLON
   35          | ID . DECR SEMICOLON
   39          | ID . AHEADBACK SEMICOLON
   44 Sentencia_asignacion: ID . @5 ASSIGN Expresion SEMICOLON

    INCR       shift, and go to state 94
    DECR       shift, and go to state 95
    AHEADBACK  shift, and go to state 96

    $default  reduce using rule 43 (@5)

    @5  go to state 97


State 52

   38 Sentencia: LIST_HEAD . ID SEMICOLON

    ID  shift, and go to state 98


State 53

   28 Sentencia: Bloque .

    $default  reduce using rule 28 (Sentencia)


State 54

   26 Sentencias: Sentencias Sentencia .

    $default  reduce using rule 26 (Sentencias)


State 55

   29 Sentencia: Sentencia_asignacion .

    $default  reduce using rule 29 (Sentencia)


State 56

   41 Sentencia: Sentencia_if .

    $default  reduce using rule 41 (Sentencia)


State 57

   42 Sentencia: Sentencia_while .

    $default  reduce using rule 42 (Sentencia)


State 58

   30 Sentencia: Sentencia_entrada .

    $default  reduce using rule 30 (Sentencia)


State 59

   31 Sentencia: Sentencia_salida .

    $default  reduce using rule 31 (Sentencia)


State 60

   32 Sentencia: Sentencia_return .

    $default  reduce using rule 32 (Sentencia)


State 61

   33 Sentencia: Sentencia_switch .

    $default  reduce using rule 33 (Sentencia)


State 62

   40 Sentencia: Sentencia_break .

    $default  reduce using rule 40 (Sentencia)


State 63

    9 Declar_subprog: Cabecera_subprog $@3 Bloque .

    $default  reduce using rule 9 (Declar_subprog)


State 64

   19 Cabecera_subprog: Tipo ID $@4 . LEFT_PAR Lista_parametros RIGHT_PAR

    LEFT_PAR  shift, and go to state 99


State 65

    3 Bloque: OPEN_BLOCK $@1 VAR Variables_locales ENDVAR Declar_de_subprogs . Sentencias END_BLOCK

    $default  reduce using rule 27 (Sentencias)

    Sentencias  go to state 100


State 66

   17 Lista_identificador: ID .

    $default  reduce using rule 17 (Lista_identificador)


State 67

   14 Cuerpo_declar_variables: Tipo Lista_identificador . SEMICOLON
   16 Lista_identificador: Lista_identificador . COMMA ID

    SEMICOLON  shift, and go to state 101
    COMMA      shift, and go to state 102


State 68

   45 Sentencia_if: IF LEFT_PAR . Expresion RIGHT_PAR Sentencia
   46             | IF LEFT_PAR . Expresion RIGHT_PAR Sentencia ELSE Sentencia

    error       shift, and go to state 73
    LEFT_PAR    shift, and go to state 74
    UNARY_OP    shift, and go to state 75
    BOOL_VAR    shift, and go to state 76
    INT_VAR     shift, and go to state 77
    FLOAT_VAR   shift, and go to state 78
    CHAR_VAR    shift, and go to state 79
    ID          shift, and go to state 80
    LEFT_BRACK  shift, and go to state 81
    ADD_SUB     shift, and go to state 82
    MULT        shift, and go to state 83

    Expresion        go to state 103
    Constantes       go to state 85
    Constante_lista  go to state 86
    Funcion          go to state 87


State 69

   47 Sentencia_while: WHILE LEFT_PAR . Expresion RIGHT_PAR Sentencia

    error       shift, and go to state 73
    LEFT_PAR    shift, and go to state 74
    UNARY_OP    shift, and go to state 75
    BOOL_VAR    shift, and go to state 76
    INT_VAR     shift, and go to state 77
    FLOAT_VAR   shift, and go to state 78
    CHAR_VAR    shift, and go to state 79
    ID          shift, and go to state 80
    LEFT_BRACK  shift, and go to state 81
    ADD_SUB     shift, and go to state 82
    MULT        shift, and go to state 83

    Expresion        go to state 104
    Constantes       go to state 85
    Constante_lista  go to state 86
    Funcion          go to state 87


State 70

   53 Bloque_switch: OPEN_BLOCK . Sentencias_case END_BLOCK

    CASE     shift, and go to state 105
    DEFAULT  shift, and go to state 106

    $default  reduce using rule 56 (Sentencias_case)

    Sentencias_case  go to state 107


State 71

   51 Sentencia_switch: SWITCH Bloque_switch .

    $default  reduce using rule 51 (Sentencia_switch)


State 72

   52 Sentencia_break: BREAK SEMICOLON .

    $default  reduce using rule 52 (Sentencia_break)


State 73

   82 Expresion: error .

    $default  reduce using rule 82 (Expresion)


State 74

   61 Expresion: LEFT_PAR . Expresion RIGHT_PAR

    error       shift, and go to state 73
    LEFT_PAR    shift, and go to state 74
    UNARY_OP    shift, and go to state 75
    BOOL_VAR    shift, and go to state 76
    INT_VAR     shift, and go to state 77
    FLOAT_VAR   shift, and go to state 78
    CHAR_VAR    shift, and go to state 79
    ID          shift, and go to state 80
    LEFT_BRACK  shift, and go to state 81
    ADD_SUB     shift, and go to state 82
    MULT        shift, and go to state 83

    Expresion        go to state 108
    Constantes       go to state 85
    Constante_lista  go to state 86
    Funcion          go to state 87


State 75

   62 Expresion: UNARY_OP . Expresion

    error       shift, and go to state 73
    LEFT_PAR    shift, and go to state 74
    UNARY_OP    shift, and go to state 75
    BOOL_VAR    shift, and go to state 76
    INT_VAR     shift, and go to state 77
    FLOAT_VAR   shift, and go to state 78
    CHAR_VAR    shift, and go to state 79
    ID          shift, and go to state 80
    LEFT_BRACK  shift, and go to state 81
    ADD_SUB     shift, and go to state 82
    MULT        shift, and go to state 83

    Expresion        go to state 109
    Constantes       go to state 85
    Constante_lista  go to state 86
    Funcion          go to state 87


State 76

   84 Constantes: BOOL_VAR .

    $default  reduce using rule 84 (Constantes)


State 77

   83 Constantes: INT_VAR .

    $default  reduce using rule 83 (Constantes)


State 78

   86 Constantes: FLOAT_VAR .

    $default  reduce using rule 86 (Constantes)


State 79

   85 Constantes: CHAR_VAR .

    $default  reduce using rule 85 (Constantes)


State 80

   78 Expresion: ID .
  101 Funcion: ID . LEFT_PAR Lista_expresiones RIGHT_PAR

    LEFT_PAR  shift, and go to state 110

    $default  reduce using rule 78 (Expresion)


State 81

   87 Constante_lista: LEFT_BRACK . Lista_int RIGHT_BRACK SEMICOLON
   88                | LEFT_BRACK . Lista_bool RIGHT_BRACK SEMICOLON
   89                | LEFT_BRACK . Lista_float RIGHT_BRACK SEMICOLON
   90                | LEFT_BRACK . Lista_char RIGHT_BRACK SEMICOLON
   91                | LEFT_BRACK . RIGHT_BRACK SEMICOLON

    BOOL_VAR     shift, and go to state 111
    INT_VAR      shift, and go to state 112
    FLOAT_VAR    shift, and go to state 113
    CHAR_VAR     shift, and go to state 114
    ID           shift, and go to state 115
    RIGHT_BRACK  shift, and go to state 116

    Lista_int    go to state 117
    Lista_bool   go to state 118
    Lista_float  go to state 119
    Lista_char   go to state 120


State 82

   68 Expresion: ADD_SUB . Expresion

    error       shift, and go to state 73
    LEFT_PAR    shift, and go to state 74
    UNARY_OP    shift, and go to state 75
    BOOL_VAR    shift, and go to state 76
    INT_VAR     shift, and go to state 77
    FLOAT_VAR   shift, and go to state 78
    CHAR_VAR    shift, and go to state 79
    ID          shift, and go to state 80
    LEFT_BRACK  shift, and go to state 81
    ADD_SUB     shift, and go to state 82
    MULT        shift, and go to state 83

    Expresion        go to state 121
    Constantes       go to state 85
    Constante_lista  go to state 86
    Funcion          go to state 87


State 83

   69 Expresion: MULT . Expresion

    error       shift, and go to state 73
    LEFT_PAR    shift, and go to state 74
    UNARY_OP    shift, and go to state 75
    BOOL_VAR    shift, and go to state 76
    INT_VAR     shift, and go to state 77
    FLOAT_VAR   shift, and go to state 78
    CHAR_VAR    shift, and go to state 79
    ID          shift, and go to state 80
    LEFT_BRACK  shift, and go to state 81
    ADD_SUB     shift, and go to state 82
    MULT        shift, and go to state 83

    Expresion        go to state 122
    Constantes       go to state 85
    Constante_lista  go to state 86
    Funcion          go to state 87


State 84

   50 Sentencia_return: RETURN Expresion . SEMICOLON
   63 Expresion: Expresion . LOGIC_OR Expresion
   64          | Expresion . LOGIC_AND Expresion
   65          | Expresion . XOR Expresion
   66          | Expresion . BIT_OR Expresion
   67          | Expresion . BIT_AND Expresion
   70          | Expresion . ADD_SUB Expresion
   71          | Expresion . MULT Expresion
   72          | Expresion . MULT_OPS Expresion
   73          | Expresion . BIN_TER Expresion
   74          | Expresion . EQ_NEQ Expresion
   75          | Expresion . VALUE_COMP Expresion
   76          | Expresion . DECR Expresion
   77          | Expresion . INCR Expresion TERNARY Expresion

    SEMICOLON   shift, and go to state 123
    INCR        shift, and go to state 124
    DECR        shift, and go to state 125
    BIN_TER     shift, and go to state 126
    LOGIC_OR    shift, and go to state 127
    LOGIC_AND   shift, and go to state 128
    BIT_OR      shift, and go to state 129
    XOR         shift, and go to state 130
    BIT_AND     shift, and go to state 131
    EQ_NEQ      shift, and go to state 132
    VALUE_COMP  shift, and go to state 133
    ADD_SUB     shift, and go to state 134
    MULT        shift, and go to state 135
    MULT_OPS    shift, and go to state 136


State 85

   80 Expresion: Constantes .

    $default  reduce using rule 80 (Expresion)


State 86

   81 Expresion: Constante_lista .

    $default  reduce using rule 81 (Expresion)


State 87

   79 Expresion: Funcion .

    $default  reduce using rule 79 (Expresion)


State 88

   60 Lista_expresiones_o_cadena: STRING .

    $default  reduce using rule 60 (Lista_expresiones_o_cadena)


State 89

   48 Sentencia_entrada: READ Lista_expresiones_o_cadena . SEMICOLON
   57 Lista_expresiones_o_cadena: Lista_expresiones_o_cadena . COMMA Expresion
   58                           | Lista_expresiones_o_cadena . COMMA STRING

    SEMICOLON  shift, and go to state 137
    COMMA      shift, and go to state 138


State 90

   59 Lista_expresiones_o_cadena: Expresion .
   63 Expresion: Expresion . LOGIC_OR Expresion
   64          | Expresion . LOGIC_AND Expresion
   65          | Expresion . XOR Expresion
   66          | Expresion . BIT_OR Expresion
   67          | Expresion . BIT_AND Expresion
   70          | Expresion . ADD_SUB Expresion
   71          | Expresion . MULT Expresion
   72          | Expresion . MULT_OPS Expresion
   73          | Expresion . BIN_TER Expresion
   74          | Expresion . EQ_NEQ Expresion
   75          | Expresion . VALUE_COMP Expresion
   76          | Expresion . DECR Expresion
   77          | Expresion . INCR Expresion TERNARY Expresion

    INCR        shift, and go to state 124
    DECR        shift, and go to state 125
    BIN_TER     shift, and go to state 126
    LOGIC_OR    shift, and go to state 127
    LOGIC_AND   shift, and go to state 128
    BIT_OR      shift, and go to state 129
    XOR         shift, and go to state 130
    BIT_AND     shift, and go to state 131
    EQ_NEQ      shift, and go to state 132
    VALUE_COMP  shift, and go to state 133
    ADD_SUB     shift, and go to state 134
    MULT        shift, and go to state 135
    MULT_OPS    shift, and go to state 136

    $default  reduce using rule 59 (Lista_expresiones_o_cadena)


State 91

   49 Sentencia_salida: WRITE Lista_expresiones_o_cadena . SEMICOLON
   57 Lista_expresiones_o_cadena: Lista_expresiones_o_cadena . COMMA Expresion
   58                           | Lista_expresiones_o_cadena . COMMA STRING

    SEMICOLON  shift, and go to state 139
    COMMA      shift, and go to state 138


State 92

   36 Sentencia: INCR ID . SEMICOLON

    SEMICOLON  shift, and go to state 140


State 93

   37 Sentencia: DECR ID . SEMICOLON

    SEMICOLON  shift, and go to state 141


State 94

   34 Sentencia: ID INCR . SEMICOLON

    SEMICOLON  shift, and go to state 142


State 95

   35 Sentencia: ID DECR . SEMICOLON

    SEMICOLON  shift, and go to state 143


State 96

   39 Sentencia: ID AHEADBACK . SEMICOLON

    SEMICOLON  shift, and go to state 144


State 97

   44 Sentencia_asignacion: ID @5 . ASSIGN Expresion SEMICOLON

    ASSIGN  shift, and go to state 145


State 98

   38 Sentencia: LIST_HEAD ID . SEMICOLON

    SEMICOLON  shift, and go to state 146


State 99

   19 Cabecera_subprog: Tipo ID $@4 LEFT_PAR . Lista_parametros RIGHT_PAR

    error      shift, and go to state 13
    ELEM_TYPE  shift, and go to state 2
    LIST       shift, and go to state 3

    COMMA      reduce using rule 23 (Lista_parametros)
    RIGHT_PAR  reduce using rule 23 (Lista_parametros)

    Lista_parametros  go to state 147
    Parametros        go to state 15
    Tipo              go to state 16


State 100

    3 Bloque: OPEN_BLOCK $@1 VAR Variables_locales ENDVAR Declar_de_subprogs Sentencias . END_BLOCK
   26 Sentencias: Sentencias . Sentencia

    OPEN_BLOCK  shift, and go to state 10
    END_BLOCK   shift, and go to state 148
    IF          shift, and go to state 42
    WHILE       shift, and go to state 43
    SWITCH      shift, and go to state 44
    BREAK       shift, and go to state 45
    RETURN      shift, and go to state 46
    READ        shift, and go to state 47
    WRITE       shift, and go to state 48
    INCR        shift, and go to state 49
    DECR        shift, and go to state 50
    ID          shift, and go to state 51
    LIST_HEAD   shift, and go to state 52

    Bloque                go to state 53
    Sentencia             go to state 54
    Sentencia_asignacion  go to state 55
    Sentencia_if          go to state 56
    Sentencia_while       go to state 57
    Sentencia_entrada     go to state 58
    Sentencia_salida      go to state 59
    Sentencia_return      go to state 60
    Sentencia_switch      go to state 61
    Sentencia_break       go to state 62


State 101

   14 Cuerpo_declar_variables: Tipo Lista_identificador SEMICOLON .

    $default  reduce using rule 14 (Cuerpo_declar_variables)


State 102

   16 Lista_identificador: Lista_identificador COMMA . ID

    ID  shift, and go to state 149


State 103

   45 Sentencia_if: IF LEFT_PAR Expresion . RIGHT_PAR Sentencia
   46             | IF LEFT_PAR Expresion . RIGHT_PAR Sentencia ELSE Sentencia
   63 Expresion: Expresion . LOGIC_OR Expresion
   64          | Expresion . LOGIC_AND Expresion
   65          | Expresion . XOR Expresion
   66          | Expresion . BIT_OR Expresion
   67          | Expresion . BIT_AND Expresion
   70          | Expresion . ADD_SUB Expresion
   71          | Expresion . MULT Expresion
   72          | Expresion . MULT_OPS Expresion
   73          | Expresion . BIN_TER Expresion
   74          | Expresion . EQ_NEQ Expresion
   75          | Expresion . VALUE_COMP Expresion
   76          | Expresion . DECR Expresion
   77          | Expresion . INCR Expresion TERNARY Expresion

    RIGHT_PAR   shift, and go to state 150
    INCR        shift, and go to state 124
    DECR        shift, and go to state 125
    BIN_TER     shift, and go to state 126
    LOGIC_OR    shift, and go to state 127
    LOGIC_AND   shift, and go to state 128
    BIT_OR      shift, and go to state 129
    XOR         shift, and go to state 130
    BIT_AND     shift, and go to state 131
    EQ_NEQ      shift, and go to state 132
    VALUE_COMP  shift, and go to state 133
    ADD_SUB     shift, and go to state 134
    MULT        shift, and go to state 135
    MULT_OPS    shift, and go to state 136


State 104

   47 Sentencia_while: WHILE LEFT_PAR Expresion . RIGHT_PAR Sentencia
   63 Expresion: Expresion . LOGIC_OR Expresion
   64          | Expresion . LOGIC_AND Expresion
   65          | Expresion . XOR Expresion
   66          | Expresion . BIT_OR Expresion
   67          | Expresion . BIT_AND Expresion
   70          | Expresion . ADD_SUB Expresion
   71          | Expresion . MULT Expresion
   72          | Expresion . MULT_OPS Expresion
   73          | Expresion . BIN_TER Expresion
   74          | Expresion . EQ_NEQ Expresion
   75          | Expresion . VALUE_COMP Expresion
   76          | Expresion . DECR Expresion
   77          | Expresion . INCR Expresion TERNARY Expresion

    RIGHT_PAR   shift, and go to state 151
    INCR        shift, and go to state 124
    DECR        shift, and go to state 125
    BIN_TER     shift, and go to state 126
    LOGIC_OR    shift, and go to state 127
    LOGIC_AND   shift, and go to state 128
    BIT_OR      shift, and go to state 129
    XOR         shift, and go to state 130
    BIT_AND     shift, and go to state 131
    EQ_NEQ      shift, and go to state 132
    VALUE_COMP  shift, and go to state 133
    ADD_SUB     shift, and go to state 134
    MULT        shift, and go to state 135
    MULT_OPS    shift, and go to state 136


State 105

   54 Sentencias_case: CASE . Expresion COLON Bloque Sentencias_case

    error       shift, and go to state 73
    LEFT_PAR    shift, and go to state 74
    UNARY_OP    shift, and go to state 75
    BOOL_VAR    shift, and go to state 76
    INT_VAR     shift, and go to state 77
    FLOAT_VAR   shift, and go to state 78
    CHAR_VAR    shift, and go to state 79
    ID          shift, and go to state 80
    LEFT_BRACK  shift, and go to state 81
    ADD_SUB     shift, and go to state 82
    MULT        shift, and go to state 83

    Expresion        go to state 152
    Constantes       go to state 85
    Constante_lista  go to state 86
    Funcion          go to state 87


State 106

   55 Sentencias_case: DEFAULT . COLON Bloque Sentencias_case

    COLON  shift, and go to state 153


State 107

   53 Bloque_switch: OPEN_BLOCK Sentencias_case . END_BLOCK

    END_BLOCK  shift, and go to state 154


State 108

   61 Expresion: LEFT_PAR Expresion . RIGHT_PAR
   63          | Expresion . LOGIC_OR Expresion
   64          | Expresion . LOGIC_AND Expresion
   65          | Expresion . XOR Expresion
   66          | Expresion . BIT_OR Expresion
   67          | Expresion . BIT_AND Expresion
   70          | Expresion . ADD_SUB Expresion
   71          | Expresion . MULT Expresion
   72          | Expresion . MULT_OPS Expresion
   73          | Expresion . BIN_TER Expresion
   74          | Expresion . EQ_NEQ Expresion
   75          | Expresion . VALUE_COMP Expresion
   76          | Expresion . DECR Expresion
   77          | Expresion . INCR Expresion TERNARY Expresion

    RIGHT_PAR   shift, and go to state 155
    INCR        shift, and go to state 124
    DECR        shift, and go to state 125
    BIN_TER     shift, and go to state 126
    LOGIC_OR    shift, and go to state 127
    LOGIC_AND   shift, and go to state 128
    BIT_OR      shift, and go to state 129
    XOR         shift, and go to state 130
    BIT_AND     shift, and go to state 131
    EQ_NEQ      shift, and go to state 132
    VALUE_COMP  shift, and go to state 133
    ADD_SUB     shift, and go to state 134
    MULT        shift, and go to state 135
    MULT_OPS    shift, and go to state 136


State 109

   62 Expresion: UNARY_OP Expresion .
   63          | Expresion . LOGIC_OR Expresion
   64          | Expresion . LOGIC_AND Expresion
   65          | Expresion . XOR Expresion
   66          | Expresion . BIT_OR Expresion
   67          | Expresion . BIT_AND Expresion
   70          | Expresion . ADD_SUB Expresion
   71          | Expresion . MULT Expresion
   72          | Expresion . MULT_OPS Expresion
   73          | Expresion . BIN_TER Expresion
   74          | Expresion . EQ_NEQ Expresion
   75          | Expresion . VALUE_COMP Expresion
   76          | Expresion . DECR Expresion
   77          | Expresion . INCR Expresion TERNARY Expresion

    INCR  shift, and go to state 124
    DECR  shift, and go to state 125

    $default  reduce using rule 62 (Expresion)


State 110

  101 Funcion: ID LEFT_PAR . Lista_expresiones RIGHT_PAR

    error       shift, and go to state 73
    LEFT_PAR    shift, and go to state 74
    UNARY_OP    shift, and go to state 75
    BOOL_VAR    shift, and go to state 76
    INT_VAR     shift, and go to state 77
    FLOAT_VAR   shift, and go to state 78
    CHAR_VAR    shift, and go to state 79
    ID          shift, and go to state 80
    LEFT_BRACK  shift, and go to state 81
    ADD_SUB     shift, and go to state 82
    MULT        shift, and go to state 83

    Expresion          go to state 156
    Constantes         go to state 85
    Constante_lista    go to state 86
    Funcion            go to state 87
    Lista_expresiones  go to state 157


State 111

   95 Lista_bool: BOOL_VAR .

    $default  reduce using rule 95 (Lista_bool)


State 112

   93 Lista_int: INT_VAR .

    $default  reduce using rule 93 (Lista_int)


State 113

   97 Lista_float: FLOAT_VAR .

    $default  reduce using rule 97 (Lista_float)


State 114

   99 Lista_char: CHAR_VAR .

    $default  reduce using rule 99 (Lista_char)


State 115

  100 Lista_char: ID . LEFT_PAR RIGHT_PAR

    LEFT_PAR  shift, and go to state 158


State 116

   91 Constante_lista: LEFT_BRACK RIGHT_BRACK . SEMICOLON

    SEMICOLON  shift, and go to state 159


State 117

   87 Constante_lista: LEFT_BRACK Lista_int . RIGHT_BRACK SEMICOLON
   92 Lista_int: Lista_int . COMMA INT_VAR

    COMMA        shift, and go to state 160
    RIGHT_BRACK  shift, and go to state 161


State 118

   88 Constante_lista: LEFT_BRACK Lista_bool . RIGHT_BRACK SEMICOLON
   94 Lista_bool: Lista_bool . COMMA BOOL_VAR

    COMMA        shift, and go to state 162
    RIGHT_BRACK  shift, and go to state 163


State 119

   89 Constante_lista: LEFT_BRACK Lista_float . RIGHT_BRACK SEMICOLON
   96 Lista_float: Lista_float . COMMA FLOAT_VAR

    COMMA        shift, and go to state 164
    RIGHT_BRACK  shift, and go to state 165


State 120

   90 Constante_lista: LEFT_BRACK Lista_char . RIGHT_BRACK SEMICOLON
   98 Lista_char: Lista_char . COMMA CHAR_VAR

    COMMA        shift, and go to state 166
    RIGHT_BRACK  shift, and go to state 167


State 121

   63 Expresion: Expresion . LOGIC_OR Expresion
   64          | Expresion . LOGIC_AND Expresion
   65          | Expresion . XOR Expresion
   66          | Expresion . BIT_OR Expresion
   67          | Expresion . BIT_AND Expresion
   68          | ADD_SUB Expresion .
   70          | Expresion . ADD_SUB Expresion
   71          | Expresion . MULT Expresion
   72          | Expresion . MULT_OPS Expresion
   73          | Expresion . BIN_TER Expresion
   74          | Expresion . EQ_NEQ Expresion
   75          | Expresion . VALUE_COMP Expresion
   76          | Expresion . DECR Expresion
   77          | Expresion . INCR Expresion TERNARY Expresion

    INCR  shift, and go to state 124
    DECR  shift, and go to state 125

    $default  reduce using rule 68 (Expresion)


State 122

   63 Expresion: Expresion . LOGIC_OR Expresion
   64          | Expresion . LOGIC_AND Expresion
   65          | Expresion . XOR Expresion
   66          | Expresion . BIT_OR Expresion
   67          | Expresion . BIT_AND Expresion
   69          | MULT Expresion .
   70          | Expresion . ADD_SUB Expresion
   71          | Expresion . MULT Expresion
   72          | Expresion . MULT_OPS Expresion
   73          | Expresion . BIN_TER Expresion
   74          | Expresion . EQ_NEQ Expresion
   75          | Expresion . VALUE_COMP Expresion
   76          | Expresion . DECR Expresion
   77          | Expresion . INCR Expresion TERNARY Expresion

    INCR  shift, and go to state 124
    DECR  shift, and go to state 125

    $default  reduce using rule 69 (Expresion)


State 123

   50 Sentencia_return: RETURN Expresion SEMICOLON .

    $default  reduce using rule 50 (Sentencia_return)


State 124

   77 Expresion: Expresion INCR . Expresion TERNARY Expresion

    error       shift, and go to state 73
    LEFT_PAR    shift, and go to state 74
    UNARY_OP    shift, and go to state 75
    BOOL_VAR    shift, and go to state 76
    INT_VAR     shift, and go to state 77
    FLOAT_VAR   shift, and go to state 78
    CHAR_VAR    shift, and go to state 79
    ID          shift, and go to state 80
    LEFT_BRACK  shift, and go to state 81
    ADD_SUB     shift, and go to state 82
    MULT        shift, and go to state 83

    Expresion        go to state 168
    Constantes       go to state 85
    Constante_lista  go to state 86
    Funcion          go to state 87


State 125

   76 Expresion: Expresion DECR . Expresion

    error       shift, and go to state 73
    LEFT_PAR    shift, and go to state 74
    UNARY_OP    shift, and go to state 75
    BOOL_VAR    shift, and go to state 76
    INT_VAR     shift, and go to state 77
    FLOAT_VAR   shift, and go to state 78
    CHAR_VAR    shift, and go to state 79
    ID          shift, and go to state 80
    LEFT_BRACK  shift, and go to state 81
    ADD_SUB     shift, and go to state 82
    MULT        shift, and go to state 83

    Expresion        go to state 169
    Constantes       go to state 85
    Constante_lista  go to state 86
    Funcion          go to state 87


State 126

   73 Expresion: Expresion BIN_TER . Expresion

    error       shift, and go to state 73
    LEFT_PAR    shift, and go to state 74
    UNARY_OP    shift, and go to state 75
    BOOL_VAR    shift, and go to state 76
    INT_VAR     shift, and go to state 77
    FLOAT_VAR   shift, and go to state 78
    CHAR_VAR    shift, and go to state 79
    ID          shift, and go to state 80
    LEFT_BRACK  shift, and go to state 81
    ADD_SUB     shift, and go to state 82
    MULT        shift, and go to state 83

    Expresion        go to state 170
    Constantes       go to state 85
    Constante_lista  go to state 86
    Funcion          go to state 87


State 127

   63 Expresion: Expresion LOGIC_OR . Expresion

    error       shift, and go to state 73
    LEFT_PAR    shift, and go to state 74
    UNARY_OP    shift, and go to state 75
    BOOL_VAR    shift, and go to state 76
    INT_VAR     shift, and go to state 77
    FLOAT_VAR   shift, and go to state 78
    CHAR_VAR    shift, and go to state 79
    ID          shift, and go to state 80
    LEFT_BRACK  shift, and go to state 81
    ADD_SUB     shift, and go to state 82
    MULT        shift, and go to state 83

    Expresion        go to state 171
    Constantes       go to state 85
    Constante_lista  go to state 86
    Funcion          go to state 87


State 128

   64 Expresion: Expresion LOGIC_AND . Expresion

    error       shift, and go to state 73
    LEFT_PAR    shift, and go to state 74
    UNARY_OP    shift, and go to state 75
    BOOL_VAR    shift, and go to state 76
    INT_VAR     shift, and go to state 77
    FLOAT_VAR   shift, and go to state 78
    CHAR_VAR    shift, and go to state 79
    ID          shift, and go to state 80
    LEFT_BRACK  shift, and go to state 81
    ADD_SUB     shift, and go to state 82
    MULT        shift, and go to state 83

    Expresion        go to state 172
    Constantes       go to state 85
    Constante_lista  go to state 86
    Funcion          go to state 87


State 129

   66 Expresion: Expresion BIT_OR . Expresion

    error       shift, and go to state 73
    LEFT_PAR    shift, and go to state 74
    UNARY_OP    shift, and go to state 75
    BOOL_VAR    shift, and go to state 76
    INT_VAR     shift, and go to state 77
    FLOAT_VAR   shift, and go to state 78
    CHAR_VAR    shift, and go to state 79
    ID          shift, and go to state 80
    LEFT_BRACK  shift, and go to state 81
    ADD_SUB     shift, and go to state 82
    MULT        shift, and go to state 83

    Expresion        go to state 173
    Constantes       go to state 85
    Constante_lista  go to state 86
    Funcion          go to state 87


State 130

   65 Expresion: Expresion XOR . Expresion

    error       shift, and go to state 73
    LEFT_PAR    shift, and go to state 74
    UNARY_OP    shift, and go to state 75
    BOOL_VAR    shift, and go to state 76
    INT_VAR     shift, and go to state 77
    FLOAT_VAR   shift, and go to state 78
    CHAR_VAR    shift, and go to state 79
    ID          shift, and go to state 80
    LEFT_BRACK  shift, and go to state 81
    ADD_SUB     shift, and go to state 82
    MULT        shift, and go to state 83

    Expresion        go to state 174
    Constantes       go to state 85
    Constante_lista  go to state 86
    Funcion          go to state 87


State 131

   67 Expresion: Expresion BIT_AND . Expresion

    error       shift, and go to state 73
    LEFT_PAR    shift, and go to state 74
    UNARY_OP    shift, and go to state 75
    BOOL_VAR    shift, and go to state 76
    INT_VAR     shift, and go to state 77
    FLOAT_VAR   shift, and go to state 78
    CHAR_VAR    shift, and go to state 79
    ID          shift, and go to state 80
    LEFT_BRACK  shift, and go to state 81
    ADD_SUB     shift, and go to state 82
    MULT        shift, and go to state 83

    Expresion        go to state 175
    Constantes       go to state 85
    Constante_lista  go to state 86
    Funcion          go to state 87


State 132

   74 Expresion: Expresion EQ_NEQ . Expresion

    error       shift, and go to state 73
    LEFT_PAR    shift, and go to state 74
    UNARY_OP    shift, and go to state 75
    BOOL_VAR    shift, and go to state 76
    INT_VAR     shift, and go to state 77
    FLOAT_VAR   shift, and go to state 78
    CHAR_VAR    shift, and go to state 79
    ID          shift, and go to state 80
    LEFT_BRACK  shift, and go to state 81
    ADD_SUB     shift, and go to state 82
    MULT        shift, and go to state 83

    Expresion        go to state 176
    Constantes       go to state 85
    Constante_lista  go to state 86
    Funcion          go to state 87


State 133

   75 Expresion: Expresion VALUE_COMP . Expresion

    error       shift, and go to state 73
    LEFT_PAR    shift, and go to state 74
    UNARY_OP    shift, and go to state 75
    BOOL_VAR    shift, and go to state 76
    INT_VAR     shift, and go to state 77
    FLOAT_VAR   shift, and go to state 78
    CHAR_VAR    shift, and go to state 79
    ID          shift, and go to state 80
    LEFT_BRACK  shift, and go to state 81
    ADD_SUB     shift, and go to state 82
    MULT        shift, and go to state 83

    Expresion        go to state 177
    Constantes       go to state 85
    Constante_lista  go to state 86
    Funcion          go to state 87


State 134

   70 Expresion: Expresion ADD_SUB . Expresion

    error       shift, and go to state 73
    LEFT_PAR    shift, and go to state 74
    UNARY_OP    shift, and go to state 75
    BOOL_VAR    shift, and go to state 76
    INT_VAR     shift, and go to state 77
    FLOAT_VAR   shift, and go to state 78
    CHAR_VAR    shift, and go to state 79
    ID          shift, and go to state 80
    LEFT_BRACK  shift, and go to state 81
    ADD_SUB     shift, and go to state 82
    MULT        shift, and go to state 83

    Expresion        go to state 178
    Constantes       go to state 85
    Constante_lista  go to state 86
    Funcion          go to state 87


State 135

   71 Expresion: Expresion MULT . Expresion

    error       shift, and go to state 73
    LEFT_PAR    shift, and go to state 74
    UNARY_OP    shift, and go to state 75
    BOOL_VAR    shift, and go to state 76
    INT_VAR     shift, and go to state 77
    FLOAT_VAR   shift, and go to state 78
    CHAR_VAR    shift, and go to state 79
    ID          shift, and go to state 80
    LEFT_BRACK  shift, and go to state 81
    ADD_SUB     shift, and go to state 82
    MULT        shift, and go to state 83

    Expresion        go to state 179
    Constantes       go to state 85
    Constante_lista  go to state 86
    Funcion          go to state 87


State 136

   72 Expresion: Expresion MULT_OPS . Expresion

    error       shift, and go to state 73
    LEFT_PAR    shift, and go to state 74
    UNARY_OP    shift, and go to state 75
    BOOL_VAR    shift, and go to state 76
    INT_VAR     shift, and go to state 77
    FLOAT_VAR   shift, and go to state 78
    CHAR_VAR    shift, and go to state 79
    ID          shift, and go to state 80
    LEFT_BRACK  shift, and go to state 81
    ADD_SUB     shift, and go to state 82
    MULT        shift, and go to state 83

    Expresion        go to state 180
    Constantes       go to state 85
    Constante_lista  go to state 86
    Funcion          go to state 87


State 137

   48 Sentencia_entrada: READ Lista_expresiones_o_cadena SEMICOLON .

    $default  reduce using rule 48 (Sentencia_entrada)


State 138

   57 Lista_expresiones_o_cadena: Lista_expresiones_o_cadena COMMA . Expresion
   58                           | Lista_expresiones_o_cadena COMMA . STRING

    error       shift, and go to state 73
    LEFT_PAR    shift, and go to state 74
    UNARY_OP    shift, and go to state 75
    BOOL_VAR    shift, and go to state 76
    INT_VAR     shift, and go to state 77
    FLOAT_VAR   shift, and go to state 78
    CHAR_VAR    shift, and go to state 79
    STRING      shift, and go to state 181
    ID          shift, and go to state 80
    LEFT_BRACK  shift, and go to state 81
    ADD_SUB     shift, and go to state 82
    MULT        shift, and go to state 83

    Expresion        go to state 182
    Constantes       go to state 85
    Constante_lista  go to state 86
    Funcion          go to state 87


State 139

   49 Sentencia_salida: WRITE Lista_expresiones_o_cadena SEMICOLON .

    $default  reduce using rule 49 (Sentencia_salida)


State 140

   36 Sentencia: INCR ID SEMICOLON .

    $default  reduce using rule 36 (Sentencia)


State 141

   37 Sentencia: DECR ID SEMICOLON .

    $default  reduce using rule 37 (Sentencia)


State 142

   34 Sentencia: ID INCR SEMICOLON .

    $default  reduce using rule 34 (Sentencia)


State 143

   35 Sentencia: ID DECR SEMICOLON .

    $default  reduce using rule 35 (Sentencia)


State 144

   39 Sentencia: ID AHEADBACK SEMICOLON .

    $default  reduce using rule 39 (Sentencia)


State 145

   44 Sentencia_asignacion: ID @5 ASSIGN . Expresion SEMICOLON

    error       shift, and go to state 73
    LEFT_PAR    shift, and go to state 74
    UNARY_OP    shift, and go to state 75
    BOOL_VAR    shift, and go to state 76
    INT_VAR     shift, and go to state 77
    FLOAT_VAR   shift, and go to state 78
    CHAR_VAR    shift, and go to state 79
    ID          shift, and go to state 80
    LEFT_BRACK  shift, and go to state 81
    ADD_SUB     shift, and go to state 82
    MULT        shift, and go to state 83

    Expresion        go to state 183
    Constantes       go to state 85
    Constante_lista  go to state 86
    Funcion          go to state 87


State 146

   38 Sentencia: LIST_HEAD ID SEMICOLON .

    $default  reduce using rule 38 (Sentencia)


State 147

   19 Cabecera_subprog: Tipo ID $@4 LEFT_PAR Lista_parametros . RIGHT_PAR
   21 Lista_parametros: Lista_parametros . COMMA Parametros

    COMMA      shift, and go to state 20
    RIGHT_PAR  shift, and go to state 184


State 148

    3 Bloque: OPEN_BLOCK $@1 VAR Variables_locales ENDVAR Declar_de_subprogs Sentencias END_BLOCK .

    $default  reduce using rule 3 (Bloque)


State 149

   16 Lista_identificador: Lista_identificador COMMA ID .

    $default  reduce using rule 16 (Lista_identificador)


State 150

   45 Sentencia_if: IF LEFT_PAR Expresion RIGHT_PAR . Sentencia
   46             | IF LEFT_PAR Expresion RIGHT_PAR . Sentencia ELSE Sentencia

    OPEN_BLOCK  shift, and go to state 10
    IF          shift, and go to state 42
    WHILE       shift, and go to state 43
    SWITCH      shift, and go to state 44
    BREAK       shift, and go to state 45
    RETURN      shift, and go to state 46
    READ        shift, and go to state 47
    WRITE       shift, and go to state 48
    INCR        shift, and go to state 49
    DECR        shift, and go to state 50
    ID          shift, and go to state 51
    LIST_HEAD   shift, and go to state 52

    Bloque                go to state 53
    Sentencia             go to state 185
    Sentencia_asignacion  go to state 55
    Sentencia_if          go to state 56
    Sentencia_while       go to state 57
    Sentencia_entrada     go to state 58
    Sentencia_salida      go to state 59
    Sentencia_return      go to state 60
    Sentencia_switch      go to state 61
    Sentencia_break       go to state 62


State 151

   47 Sentencia_while: WHILE LEFT_PAR Expresion RIGHT_PAR . Sentencia

    OPEN_BLOCK  shift, and go to state 10
    IF          shift, and go to state 42
    WHILE       shift, and go to state 43
    SWITCH      shift, and go to state 44
    BREAK       shift, and go to state 45
    RETURN      shift, and go to state 46
    READ        shift, and go to state 47
    WRITE       shift, and go to state 48
    INCR        shift, and go to state 49
    DECR        shift, and go to state 50
    ID          shift, and go to state 51
    LIST_HEAD   shift, and go to state 52

    Bloque                go to state 53
    Sentencia             go to state 186
    Sentencia_asignacion  go to state 55
    Sentencia_if          go to state 56
    Sentencia_while       go to state 57
    Sentencia_entrada     go to state 58
    Sentencia_salida      go to state 59
    Sentencia_return      go to state 60
    Sentencia_switch      go to state 61
    Sentencia_break       go to state 62


State 152

   54 Sentencias_case: CASE Expresion . COLON Bloque Sentencias_case
   63 Expresion: Expresion . LOGIC_OR Expresion
   64          | Expresion . LOGIC_AND Expresion
   65          | Expresion . XOR Expresion
   66          | Expresion . BIT_OR Expresion
   67          | Expresion . BIT_AND Expresion
   70          | Expresion . ADD_SUB Expresion
   71          | Expresion . MULT Expresion
   72          | Expresion . MULT_OPS Expresion
   73          | Expresion . BIN_TER Expresion
   74          | Expresion . EQ_NEQ Expresion
   75          | Expresion . VALUE_COMP Expresion
   76          | Expresion . DECR Expresion
   77          | Expresion . INCR Expresion TERNARY Expresion

    INCR        shift, and go to state 124
    DECR        shift, and go to state 125
    BIN_TER     shift, and go to state 126
    COLON       shift, and go to state 187
    LOGIC_OR    shift, and go to state 127
    LOGIC_AND   shift, and go to state 128
    BIT_OR      shift, and go to state 129
    XOR         shift, and go to state 130
    BIT_AND     shift, and go to state 131
    EQ_NEQ      shift, and go to state 132
    VALUE_COMP  shift, and go to state 133
    ADD_SUB     shift, and go to state 134
    MULT        shift, and go to state 135
    MULT_OPS    shift, and go to state 136


State 153

   55 Sentencias_case: DEFAULT COLON . Bloque Sentencias_case

    OPEN_BLOCK  shift, and go to state 10

    Bloque  go to state 188


State 154

   53 Bloque_switch: OPEN_BLOCK Sentencias_case END_BLOCK .

    $default  reduce using rule 53 (Bloque_switch)


State 155

   61 Expresion: LEFT_PAR Expresion RIGHT_PAR .

    $default  reduce using rule 61 (Expresion)


State 156

   63 Expresion: Expresion . LOGIC_OR Expresion
   64          | Expresion . LOGIC_AND Expresion
   65          | Expresion . XOR Expresion
   66          | Expresion . BIT_OR Expresion
   67          | Expresion . BIT_AND Expresion
   70          | Expresion . ADD_SUB Expresion
   71          | Expresion . MULT Expresion
   72          | Expresion . MULT_OPS Expresion
   73          | Expresion . BIN_TER Expresion
   74          | Expresion . EQ_NEQ Expresion
   75          | Expresion . VALUE_COMP Expresion
   76          | Expresion . DECR Expresion
   77          | Expresion . INCR Expresion TERNARY Expresion
  103 Lista_expresiones: Expresion .

    INCR        shift, and go to state 124
    DECR        shift, and go to state 125
    BIN_TER     shift, and go to state 126
    LOGIC_OR    shift, and go to state 127
    LOGIC_AND   shift, and go to state 128
    BIT_OR      shift, and go to state 129
    XOR         shift, and go to state 130
    BIT_AND     shift, and go to state 131
    EQ_NEQ      shift, and go to state 132
    VALUE_COMP  shift, and go to state 133
    ADD_SUB     shift, and go to state 134
    MULT        shift, and go to state 135
    MULT_OPS    shift, and go to state 136

    $default  reduce using rule 103 (Lista_expresiones)


State 157

  101 Funcion: ID LEFT_PAR Lista_expresiones . RIGHT_PAR
  102 Lista_expresiones: Lista_expresiones . COMMA Expresion

    COMMA      shift, and go to state 189
    RIGHT_PAR  shift, and go to state 190


State 158

  100 Lista_char: ID LEFT_PAR . RIGHT_PAR

    RIGHT_PAR  shift, and go to state 191


State 159

   91 Constante_lista: LEFT_BRACK RIGHT_BRACK SEMICOLON .

    $default  reduce using rule 91 (Constante_lista)


State 160

   92 Lista_int: Lista_int COMMA . INT_VAR

    INT_VAR  shift, and go to state 192


State 161

   87 Constante_lista: LEFT_BRACK Lista_int RIGHT_BRACK . SEMICOLON

    SEMICOLON  shift, and go to state 193


State 162

   94 Lista_bool: Lista_bool COMMA . BOOL_VAR

    BOOL_VAR  shift, and go to state 194


State 163

   88 Constante_lista: LEFT_BRACK Lista_bool RIGHT_BRACK . SEMICOLON

    SEMICOLON  shift, and go to state 195


State 164

   96 Lista_float: Lista_float COMMA . FLOAT_VAR

    FLOAT_VAR  shift, and go to state 196


State 165

   89 Constante_lista: LEFT_BRACK Lista_float RIGHT_BRACK . SEMICOLON

    SEMICOLON  shift, and go to state 197


State 166

   98 Lista_char: Lista_char COMMA . CHAR_VAR

    CHAR_VAR  shift, and go to state 198


State 167

   90 Constante_lista: LEFT_BRACK Lista_char RIGHT_BRACK . SEMICOLON

    SEMICOLON  shift, and go to state 199


State 168

   63 Expresion: Expresion . LOGIC_OR Expresion
   64          | Expresion . LOGIC_AND Expresion
   65          | Expresion . XOR Expresion
   66          | Expresion . BIT_OR Expresion
   67          | Expresion . BIT_AND Expresion
   70          | Expresion . ADD_SUB Expresion
   71          | Expresion . MULT Expresion
   72          | Expresion . MULT_OPS Expresion
   73          | Expresion . BIN_TER Expresion
   74          | Expresion . EQ_NEQ Expresion
   75          | Expresion . VALUE_COMP Expresion
   76          | Expresion . DECR Expresion
   77          | Expresion . INCR Expresion TERNARY Expresion
   77          | Expresion INCR Expresion . TERNARY Expresion

    INCR        shift, and go to state 124
    DECR        shift, and go to state 125
    TERNARY     shift, and go to state 200
    BIN_TER     shift, and go to state 126
    LOGIC_OR    shift, and go to state 127
    LOGIC_AND   shift, and go to state 128
    BIT_OR      shift, and go to state 129
    XOR         shift, and go to state 130
    BIT_AND     shift, and go to state 131
    EQ_NEQ      shift, and go to state 132
    VALUE_COMP  shift, and go to state 133
    ADD_SUB     shift, and go to state 134
    MULT        shift, and go to state 135
    MULT_OPS    shift, and go to state 136


State 169

   63 Expresion: Expresion . LOGIC_OR Expresion
   64          | Expresion . LOGIC_AND Expresion
   65          | Expresion . XOR Expresion
   66          | Expresion . BIT_OR Expresion
   67          | Expresion . BIT_AND Expresion
   70          | Expresion . ADD_SUB Expresion
   71          | Expresion . MULT Expresion
   72          | Expresion . MULT_OPS Expresion
   73          | Expresion . BIN_TER Expresion
   74          | Expresion . EQ_NEQ Expresion
   75          | Expresion . VALUE_COMP Expresion
   76          | Expresion . DECR Expresion
   76          | Expresion DECR Expresion .
   77          | Expresion . INCR Expresion TERNARY Expresion

    INCR  shift, and go to state 124
    DECR  shift, and go to state 125

    $default  reduce using rule 76 (Expresion)


State 170

   63 Expresion: Expresion . LOGIC_OR Expresion
   64          | Expresion . LOGIC_AND Expresion
   65          | Expresion . XOR Expresion
   66          | Expresion . BIT_OR Expresion
   67          | Expresion . BIT_AND Expresion
   70          | Expresion . ADD_SUB Expresion
   71          | Expresion . MULT Expresion
   72          | Expresion . MULT_OPS Expresion
   73          | Expresion . BIN_TER Expresion
   73          | Expresion BIN_TER Expresion .
   74          | Expresion . EQ_NEQ Expresion
   75          | Expresion . VALUE_COMP Expresion
   76          | Expresion . DECR Expresion
   77          | Expresion . INCR Expresion TERNARY Expresion

    INCR  shift, and go to state 124
    DECR  shift, and go to state 125

    $default  reduce using rule 73 (Expresion)


State 171

   63 Expresion: Expresion . LOGIC_OR Expresion
   63          | Expresion LOGIC_OR Expresion .
   64          | Expresion . LOGIC_AND Expresion
   65          | Expresion . XOR Expresion
   66          | Expresion . BIT_OR Expresion
   67          | Expresion . BIT_AND Expresion
   70          | Expresion . ADD_SUB Expresion
   71          | Expresion . MULT Expresion
   72          | Expresion . MULT_OPS Expresion
   73          | Expresion . BIN_TER Expresion
   74          | Expresion . EQ_NEQ Expresion
   75          | Expresion . VALUE_COMP Expresion
   76          | Expresion . DECR Expresion
   77          | Expresion . INCR Expresion TERNARY Expresion

    INCR        shift, and go to state 124
    DECR        shift, and go to state 125
    BIN_TER     shift, and go to state 126
    LOGIC_AND   shift, and go to state 128
    BIT_OR      shift, and go to state 129
    XOR         shift, and go to state 130
    BIT_AND     shift, and go to state 131
    EQ_NEQ      shift, and go to state 132
    VALUE_COMP  shift, and go to state 133
    ADD_SUB     shift, and go to state 134
    MULT        shift, and go to state 135
    MULT_OPS    shift, and go to state 136

    $default  reduce using rule 63 (Expresion)


State 172

   63 Expresion: Expresion . LOGIC_OR Expresion
   64          | Expresion . LOGIC_AND Expresion
   64          | Expresion LOGIC_AND Expresion .
   65          | Expresion . XOR Expresion
   66          | Expresion . BIT_OR Expresion
   67          | Expresion . BIT_AND Expresion
   70          | Expresion . ADD_SUB Expresion
   71          | Expresion . MULT Expresion
   72          | Expresion . MULT_OPS Expresion
   73          | Expresion . BIN_TER Expresion
   74          | Expresion . EQ_NEQ Expresion
   75          | Expresion . VALUE_COMP Expresion
   76          | Expresion . DECR Expresion
   77          | Expresion . INCR Expresion TERNARY Expresion

    INCR        shift, and go to state 124
    DECR        shift, and go to state 125
    BIN_TER     shift, and go to state 126
    BIT_OR      shift, and go to state 129
    XOR         shift, and go to state 130
    BIT_AND     shift, and go to state 131
    EQ_NEQ      shift, and go to state 132
    VALUE_COMP  shift, and go to state 133
    ADD_SUB     shift, and go to state 134
    MULT        shift, and go to state 135
    MULT_OPS    shift, and go to state 136

    $default  reduce using rule 64 (Expresion)


State 173

   63 Expresion: Expresion . LOGIC_OR Expresion
   64          | Expresion . LOGIC_AND Expresion
   65          | Expresion . XOR Expresion
   66          | Expresion . BIT_OR Expresion
   66          | Expresion BIT_OR Expresion .
   67          | Expresion . BIT_AND Expresion
   70          | Expresion . ADD_SUB Expresion
   71          | Expresion . MULT Expresion
   72          | Expresion . MULT_OPS Expresion
   73          | Expresion . BIN_TER Expresion
   74          | Expresion . EQ_NEQ Expresion
   75          | Expresion . VALUE_COMP Expresion
   76          | Expresion . DECR Expresion
   77          | Expresion . INCR Expresion TERNARY Expresion

    INCR        shift, and go to state 124
    DECR        shift, and go to state 125
    BIN_TER     shift, and go to state 126
    XOR         shift, and go to state 130
    BIT_AND     shift, and go to state 131
    EQ_NEQ      shift, and go to state 132
    VALUE_COMP  shift, and go to state 133
    ADD_SUB     shift, and go to state 134
    MULT        shift, and go to state 135
    MULT_OPS    shift, and go to state 136

    $default  reduce using rule 66 (Expresion)


State 174

   63 Expresion: Expresion . LOGIC_OR Expresion
   64          | Expresion . LOGIC_AND Expresion
   65          | Expresion . XOR Expresion
   65          | Expresion XOR Expresion .
   66          | Expresion . BIT_OR Expresion
   67          | Expresion . BIT_AND Expresion
   70          | Expresion . ADD_SUB Expresion
   71          | Expresion . MULT Expresion
   72          | Expresion . MULT_OPS Expresion
   73          | Expresion . BIN_TER Expresion
   74          | Expresion . EQ_NEQ Expresion
   75          | Expresion . VALUE_COMP Expresion
   76          | Expresion . DECR Expresion
   77          | Expresion . INCR Expresion TERNARY Expresion

    INCR        shift, and go to state 124
    DECR        shift, and go to state 125
    BIN_TER     shift, and go to state 126
    BIT_AND     shift, and go to state 131
    EQ_NEQ      shift, and go to state 132
    VALUE_COMP  shift, and go to state 133
    ADD_SUB     shift, and go to state 134
    MULT        shift, and go to state 135
    MULT_OPS    shift, and go to state 136

    $default  reduce using rule 65 (Expresion)


State 175

   63 Expresion: Expresion . LOGIC_OR Expresion
   64          | Expresion . LOGIC_AND Expresion
   65          | Expresion . XOR Expresion
   66          | Expresion . BIT_OR Expresion
   67          | Expresion . BIT_AND Expresion
   67          | Expresion BIT_AND Expresion .
   70          | Expresion . ADD_SUB Expresion
   71          | Expresion . MULT Expresion
   72          | Expresion . MULT_OPS Expresion
   73          | Expresion . BIN_TER Expresion
   74          | Expresion . EQ_NEQ Expresion
   75          | Expresion . VALUE_COMP Expresion
   76          | Expresion . DECR Expresion
   77          | Expresion . INCR Expresion TERNARY Expresion

    INCR        shift, and go to state 124
    DECR        shift, and go to state 125
    BIN_TER     shift, and go to state 126
    EQ_NEQ      shift, and go to state 132
    VALUE_COMP  shift, and go to state 133
    ADD_SUB     shift, and go to state 134
    MULT        shift, and go to state 135
    MULT_OPS    shift, and go to state 136

    $default  reduce using rule 67 (Expresion)


State 176

   63 Expresion: Expresion . LOGIC_OR Expresion
   64          | Expresion . LOGIC_AND Expresion
   65          | Expresion . XOR Expresion
   66          | Expresion . BIT_OR Expresion
   67          | Expresion . BIT_AND Expresion
   70          | Expresion . ADD_SUB Expresion
   71          | Expresion . MULT Expresion
   72          | Expresion . MULT_OPS Expresion
   73          | Expresion . BIN_TER Expresion
   74          | Expresion . EQ_NEQ Expresion
   74          | Expresion EQ_NEQ Expresion .
   75          | Expresion . VALUE_COMP Expresion
   76          | Expresion . DECR Expresion
   77          | Expresion . INCR Expresion TERNARY Expresion

    INCR        shift, and go to state 124
    DECR        shift, and go to state 125
    BIN_TER     shift, and go to state 126
    VALUE_COMP  shift, and go to state 133
    ADD_SUB     shift, and go to state 134
    MULT        shift, and go to state 135
    MULT_OPS    shift, and go to state 136

    $default  reduce using rule 74 (Expresion)


State 177

   63 Expresion: Expresion . LOGIC_OR Expresion
   64          | Expresion . LOGIC_AND Expresion
   65          | Expresion . XOR Expresion
   66          | Expresion . BIT_OR Expresion
   67          | Expresion . BIT_AND Expresion
   70          | Expresion . ADD_SUB Expresion
   71          | Expresion . MULT Expresion
   72          | Expresion . MULT_OPS Expresion
   73          | Expresion . BIN_TER Expresion
   74          | Expresion . EQ_NEQ Expresion
   75          | Expresion . VALUE_COMP Expresion
   75          | Expresion VALUE_COMP Expresion .
   76          | Expresion . DECR Expresion
   77          | Expresion . INCR Expresion TERNARY Expresion

    INCR      shift, and go to state 124
    DECR      shift, and go to state 125
    BIN_TER   shift, and go to state 126
    ADD_SUB   shift, and go to state 134
    MULT      shift, and go to state 135
    MULT_OPS  shift, and go to state 136

    $default  reduce using rule 75 (Expresion)


State 178

   63 Expresion: Expresion . LOGIC_OR Expresion
   64          | Expresion . LOGIC_AND Expresion
   65          | Expresion . XOR Expresion
   66          | Expresion . BIT_OR Expresion
   67          | Expresion . BIT_AND Expresion
   70          | Expresion . ADD_SUB Expresion
   70          | Expresion ADD_SUB Expresion .
   71          | Expresion . MULT Expresion
   72          | Expresion . MULT_OPS Expresion
   73          | Expresion . BIN_TER Expresion
   74          | Expresion . EQ_NEQ Expresion
   75          | Expresion . VALUE_COMP Expresion
   76          | Expresion . DECR Expresion
   77          | Expresion . INCR Expresion TERNARY Expresion

    INCR      shift, and go to state 124
    DECR      shift, and go to state 125
    BIN_TER   shift, and go to state 126
    MULT      shift, and go to state 135
    MULT_OPS  shift, and go to state 136

    $default  reduce using rule 70 (Expresion)


State 179

   63 Expresion: Expresion . LOGIC_OR Expresion
   64          | Expresion . LOGIC_AND Expresion
   65          | Expresion . XOR Expresion
   66          | Expresion . BIT_OR Expresion
   67          | Expresion . BIT_AND Expresion
   70          | Expresion . ADD_SUB Expresion
   71          | Expresion . MULT Expresion
   71          | Expresion MULT Expresion .
   72          | Expresion . MULT_OPS Expresion
   73          | Expresion . BIN_TER Expresion
   74          | Expresion . EQ_NEQ Expresion
   75          | Expresion . VALUE_COMP Expresion
   76          | Expresion . DECR Expresion
   77          | Expresion . INCR Expresion TERNARY Expresion

    INCR  shift, and go to state 124
    DECR  shift, and go to state 125

    $default  reduce using rule 71 (Expresion)


State 180

   63 Expresion: Expresion . LOGIC_OR Expresion
   64          | Expresion . LOGIC_AND Expresion
   65          | Expresion . XOR Expresion
   66          | Expresion . BIT_OR Expresion
   67          | Expresion . BIT_AND Expresion
   70          | Expresion . ADD_SUB Expresion
   71          | Expresion . MULT Expresion
   72          | Expresion . MULT_OPS Expresion
   72          | Expresion MULT_OPS Expresion .
   73          | Expresion . BIN_TER Expresion
   74          | Expresion . EQ_NEQ Expresion
   75          | Expresion . VALUE_COMP Expresion
   76          | Expresion . DECR Expresion
   77          | Expresion . INCR Expresion TERNARY Expresion

    INCR  shift, and go to state 124
    DECR  shift, and go to state 125

    $default  reduce using rule 72 (Expresion)


State 181

   58 Lista_expresiones_o_cadena: Lista_expresiones_o_cadena COMMA STRING .

    $default  reduce using rule 58 (Lista_expresiones_o_cadena)


State 182

   57 Lista_expresiones_o_cadena: Lista_expresiones_o_cadena COMMA Expresion .
   63 Expresion: Expresion . LOGIC_OR Expresion
   64          | Expresion . LOGIC_AND Expresion
   65          | Expresion . XOR Expresion
   66          | Expresion . BIT_OR Expresion
   67          | Expresion . BIT_AND Expresion
   70          | Expresion . ADD_SUB Expresion
   71          | Expresion . MULT Expresion
   72          | Expresion . MULT_OPS Expresion
   73          | Expresion . BIN_TER Expresion
   74          | Expresion . EQ_NEQ Expresion
   75          | Expresion . VALUE_COMP Expresion
   76          | Expresion . DECR Expresion
   77          | Expresion . INCR Expresion TERNARY Expresion

    INCR        shift, and go to state 124
    DECR        shift, and go to state 125
    BIN_TER     shift, and go to state 126
    LOGIC_OR    shift, and go to state 127
    LOGIC_AND   shift, and go to state 128
    BIT_OR      shift, and go to state 129
    XOR         shift, and go to state 130
    BIT_AND     shift, and go to state 131
    EQ_NEQ      shift, and go to state 132
    VALUE_COMP  shift, and go to state 133
    ADD_SUB     shift, and go to state 134
    MULT        shift, and go to state 135
    MULT_OPS    shift, and go to state 136

    $default  reduce using rule 57 (Lista_expresiones_o_cadena)


State 183

   44 Sentencia_asignacion: ID @5 ASSIGN Expresion . SEMICOLON
   63 Expresion: Expresion . LOGIC_OR Expresion
   64          | Expresion . LOGIC_AND Expresion
   65          | Expresion . XOR Expresion
   66          | Expresion . BIT_OR Expresion
   67          | Expresion . BIT_AND Expresion
   70          | Expresion . ADD_SUB Expresion
   71          | Expresion . MULT Expresion
   72          | Expresion . MULT_OPS Expresion
   73          | Expresion . BIN_TER Expresion
   74          | Expresion . EQ_NEQ Expresion
   75          | Expresion . VALUE_COMP Expresion
   76          | Expresion . DECR Expresion
   77          | Expresion . INCR Expresion TERNARY Expresion

    SEMICOLON   shift, and go to state 201
    INCR        shift, and go to state 124
    DECR        shift, and go to state 125
    BIN_TER     shift, and go to state 126
    LOGIC_OR    shift, and go to state 127
    LOGIC_AND   shift, and go to state 128
    BIT_OR      shift, and go to state 129
    XOR         shift, and go to state 130
    BIT_AND     shift, and go to state 131
    EQ_NEQ      shift, and go to state 132
    VALUE_COMP  shift, and go to state 133
    ADD_SUB     shift, and go to state 134
    MULT        shift, and go to state 135
    MULT_OPS    shift, and go to state 136


State 184

   19 Cabecera_subprog: Tipo ID $@4 LEFT_PAR Lista_parametros RIGHT_PAR .

    $default  reduce using rule 19 (Cabecera_subprog)


State 185

   45 Sentencia_if: IF LEFT_PAR Expresion RIGHT_PAR Sentencia .
   46             | IF LEFT_PAR Expresion RIGHT_PAR Sentencia . ELSE Sentencia

    ELSE  shift, and go to state 202

    ELSE      [reduce using rule 45 (Sentencia_if)]
    $default  reduce using rule 45 (Sentencia_if)


State 186

   47 Sentencia_while: WHILE LEFT_PAR Expresion RIGHT_PAR Sentencia .

    $default  reduce using rule 47 (Sentencia_while)


State 187

   54 Sentencias_case: CASE Expresion COLON . Bloque Sentencias_case

    OPEN_BLOCK  shift, and go to state 10

    Bloque  go to state 203


State 188

   55 Sentencias_case: DEFAULT COLON Bloque . Sentencias_case

    CASE     shift, and go to state 105
    DEFAULT  shift, and go to state 106

    $default  reduce using rule 56 (Sentencias_case)

    Sentencias_case  go to state 204


State 189

  102 Lista_expresiones: Lista_expresiones COMMA . Expresion

    error       shift, and go to state 73
    LEFT_PAR    shift, and go to state 74
    UNARY_OP    shift, and go to state 75
    BOOL_VAR    shift, and go to state 76
    INT_VAR     shift, and go to state 77
    FLOAT_VAR   shift, and go to state 78
    CHAR_VAR    shift, and go to state 79
    ID          shift, and go to state 80
    LEFT_BRACK  shift, and go to state 81
    ADD_SUB     shift, and go to state 82
    MULT        shift, and go to state 83

    Expresion        go to state 205
    Constantes       go to state 85
    Constante_lista  go to state 86
    Funcion          go to state 87


State 190

  101 Funcion: ID LEFT_PAR Lista_expresiones RIGHT_PAR .

    $default  reduce using rule 101 (Funcion)


State 191

  100 Lista_char: ID LEFT_PAR RIGHT_PAR .

    $default  reduce using rule 100 (Lista_char)


State 192

   92 Lista_int: Lista_int COMMA INT_VAR .

    $default  reduce using rule 92 (Lista_int)


State 193

   87 Constante_lista: LEFT_BRACK Lista_int RIGHT_BRACK SEMICOLON .

    $default  reduce using rule 87 (Constante_lista)


State 194

   94 Lista_bool: Lista_bool COMMA BOOL_VAR .

    $default  reduce using rule 94 (Lista_bool)


State 195

   88 Constante_lista: LEFT_BRACK Lista_bool RIGHT_BRACK SEMICOLON .

    $default  reduce using rule 88 (Constante_lista)


State 196

   96 Lista_float: Lista_float COMMA FLOAT_VAR .

    $default  reduce using rule 96 (Lista_float)


State 197

   89 Constante_lista: LEFT_BRACK Lista_float RIGHT_BRACK SEMICOLON .

    $default  reduce using rule 89 (Constante_lista)


State 198

   98 Lista_char: Lista_char COMMA CHAR_VAR .

    $default  reduce using rule 98 (Lista_char)


State 199

   90 Constante_lista: LEFT_BRACK Lista_char RIGHT_BRACK SEMICOLON .

    $default  reduce using rule 90 (Constante_lista)


State 200

   77 Expresion: Expresion INCR Expresion TERNARY . Expresion

    error       shift, and go to state 73
    LEFT_PAR    shift, and go to state 74
    UNARY_OP    shift, and go to state 75
    BOOL_VAR    shift, and go to state 76
    INT_VAR     shift, and go to state 77
    FLOAT_VAR   shift, and go to state 78
    CHAR_VAR    shift, and go to state 79
    ID          shift, and go to state 80
    LEFT_BRACK  shift, and go to state 81
    ADD_SUB     shift, and go to state 82
    MULT        shift, and go to state 83

    Expresion        go to state 206
    Constantes       go to state 85
    Constante_lista  go to state 86
    Funcion          go to state 87


State 201

   44 Sentencia_asignacion: ID @5 ASSIGN Expresion SEMICOLON .

    $default  reduce using rule 44 (Sentencia_asignacion)


State 202

   46 Sentencia_if: IF LEFT_PAR Expresion RIGHT_PAR Sentencia ELSE . Sentencia

    OPEN_BLOCK  shift, and go to state 10
    IF          shift, and go to state 42
    WHILE       shift, and go to state 43
    SWITCH      shift, and go to state 44
    BREAK       shift, and go to state 45
    RETURN      shift, and go to state 46
    READ        shift, and go to state 47
    WRITE       shift, and go to state 48
    INCR        shift, and go to state 49
    DECR        shift, and go to state 50
    ID          shift, and go to state 51
    LIST_HEAD   shift, and go to state 52

    Bloque                go to state 53
    Sentencia             go to state 207
    Sentencia_asignacion  go to state 55
    Sentencia_if          go to state 56
    Sentencia_while       go to state 57
    Sentencia_entrada     go to state 58
    Sentencia_salida      go to state 59
    Sentencia_return      go to state 60
    Sentencia_switch      go to state 61
    Sentencia_break       go to state 62


State 203

   54 Sentencias_case: CASE Expresion COLON Bloque . Sentencias_case

    CASE     shift, and go to state 105
    DEFAULT  shift, and go to state 106

    $default  reduce using rule 56 (Sentencias_case)

    Sentencias_case  go to state 208


State 204

   55 Sentencias_case: DEFAULT COLON Bloque Sentencias_case .

    $default  reduce using rule 55 (Sentencias_case)


State 205

   63 Expresion: Expresion . LOGIC_OR Expresion
   64          | Expresion . LOGIC_AND Expresion
   65          | Expresion . XOR Expresion
   66          | Expresion . BIT_OR Expresion
   67          | Expresion . BIT_AND Expresion
   70          | Expresion . ADD_SUB Expresion
   71          | Expresion . MULT Expresion
   72          | Expresion . MULT_OPS Expresion
   73          | Expresion . BIN_TER Expresion
   74          | Expresion . EQ_NEQ Expresion
   75          | Expresion . VALUE_COMP Expresion
   76          | Expresion . DECR Expresion
   77          | Expresion . INCR Expresion TERNARY Expresion
  102 Lista_expresiones: Lista_expresiones COMMA Expresion .

    INCR        shift, and go to state 124
    DECR        shift, and go to state 125
    BIN_TER     shift, and go to state 126
    LOGIC_OR    shift, and go to state 127
    LOGIC_AND   shift, and go to state 128
    BIT_OR      shift, and go to state 129
    XOR         shift, and go to state 130
    BIT_AND     shift, and go to state 131
    EQ_NEQ      shift, and go to state 132
    VALUE_COMP  shift, and go to state 133
    ADD_SUB     shift, and go to state 134
    MULT        shift, and go to state 135
    MULT_OPS    shift, and go to state 136

    $default  reduce using rule 102 (Lista_expresiones)


State 206

   63 Expresion: Expresion . LOGIC_OR Expresion
   64          | Expresion . LOGIC_AND Expresion
   65          | Expresion . XOR Expresion
   66          | Expresion . BIT_OR Expresion
   67          | Expresion . BIT_AND Expresion
   70          | Expresion . ADD_SUB Expresion
   71          | Expresion . MULT Expresion
   72          | Expresion . MULT_OPS Expresion
   73          | Expresion . BIN_TER Expresion
   74          | Expresion . EQ_NEQ Expresion
   75          | Expresion . VALUE_COMP Expresion
   76          | Expresion . DECR Expresion
   77          | Expresion . INCR Expresion TERNARY Expresion
   77          | Expresion INCR Expresion TERNARY Expresion .

    INCR  shift, and go to state 124
    DECR  shift, and go to state 125

    $default  reduce using rule 77 (Expresion)


State 207

   46 Sentencia_if: IF LEFT_PAR Expresion RIGHT_PAR Sentencia ELSE Sentencia .

    $default  reduce using rule 46 (Sentencia_if)


State 208

   54 Sentencias_case: CASE Expresion COLON Bloque Sentencias_case .

    $default  reduce using rule 54 (Sentencias_case)
